[2026-05-11 19:26:32] [INFO] Starting GitSafeGuard initialization...
[2026-05-11 19:26:32] [INFO] Initializing git repository...
[2026-05-11 19:26:33] [INFO] Configuring GPG signing...
[2026-05-11 19:26:33] [INFO] No GPG key specified, attempting to auto-detect...
[2026-05-11 19:26:34] [ERROR] No GPG keys found
[2026-05-11 19:26:34] [WARN] Could not auto-detect or configure GPG key
[2026-05-11 19:26:34] [INFO] Configuration file created: .gitsafeguard-config
[2026-05-11 19:26:35] [INFO] Authorized authors file created with current user: gavenda_petr@oauh.cz
[2026-05-11 19:26:35] [INFO] GitSafeGuard initialization completed successfully!
[2026-05-11 19:28:06] [INFO] Starting GPG key generation...
[2026-05-11 19:28:07] [INFO] Starting interactive GPG key creation...
[2026-05-11 19:30:01] [INFO] GPG key created successfully
[2026-05-11 19:30:01] [INFO] GPG key created successfully
[2026-05-11 19:30:01] [INFO] Listing available GPG keys...
[2026-05-11 19:42:21] [ERROR] No GPG key specified
[2026-05-11 19:42:21] [INFO] Listing available GPG keys...
[2026-05-11 19:44:05] [INFO] Configuring git to use GPG key: 7E2497698EFFDCC141AB91D4C417D72050148D3C
[2026-05-11 19:44:05] [INFO] Configuring git to use GPG key: 7E2497698EFFDCC141AB91D4C417D72050148D3C (local)
[2026-05-11 19:44:06] [INFO] Git configured successfully for GPG signing with key: 7E2497698EFFDCC141AB91D4C417D72050148D3C
[2026-05-11 19:44:06] [INFO] Git configured successfully
[2026-05-11 19:47:31] [ERROR] Commit message does not match policy pattern
[2026-05-11 19:49:50] [ERROR] Commit message does not match policy pattern
[2026-05-11 19:50:20] [ERROR] Commit message does not match policy pattern
[2026-05-11 19:50:53] [ERROR] Commit message too short (minimum 10 characters)
[2026-05-11 19:51:42] [ERROR] Commit message does not match policy pattern
[2026-05-11 19:53:14] [ERROR] Commit message does not match policy pattern
[2026-05-11 19:53:45] [ERROR] Commit message does not match policy pattern
[2026-05-11 19:55:19] [ERROR] Commit message does not match policy pattern
[2026-05-11 20:02:34] [ERROR] Commit message does not match policy pattern
[2026-05-11 20:03:06] [INFO] All changes staged
[2026-05-11 20:03:07] [INFO] Creating signed commit...
[2026-05-11 20:03:15] [INFO] Commit created successfully
